2024-08-07 11:49:21.371 [info] [main] Log level: Info
2024-08-07 11:49:21.371 [info] [main] Validating found git in: "git"
2024-08-07 11:49:21.371 [info] [main] Using git "2.43.0" from "git"
2024-08-07 11:49:21.371 [info] [Model][doInitialScan] Initial repository scan started
2024-08-07 11:49:21.371 [info] > git rev-parse --show-toplevel [4ms]
2024-08-07 11:49:21.371 [info] fatal: not a git repository (or any of the parent directories): .git
2024-08-07 11:49:21.372 [info] > git rev-parse --show-toplevel [3ms]
2024-08-07 11:49:21.372 [info] fatal: not a git repository (or any of the parent directories): .git
2024-08-07 11:49:21.378 [info] > git rev-parse --show-toplevel [1ms]
2024-08-07 11:49:21.378 [info] fatal: not a git repository (or any of the parent directories): .git
2024-08-07 11:49:21.383 [info] > git rev-parse --show-toplevel [1ms]
2024-08-07 11:49:21.383 [info] fatal: not a git repository (or any of the parent directories): .git
2024-08-07 11:49:21.387 [info] > git rev-parse --show-toplevel [2ms]
2024-08-07 11:49:21.387 [info] fatal: not a git repository (or any of the parent directories): .git
2024-08-07 11:49:21.392 [info] [Model][doInitialScan] Initial repository scan completed - repositories (0), closed repositories (0), parent repositories (0), unsafe repositories (0)
2024-08-07 11:50:06.574 [info] > git rev-parse --show-toplevel [2ms]
2024-08-07 11:50:06.574 [info] fatal: not a git repository (or any of the parent directories): .git
2024-08-07 12:01:32.723 [info] > git rev-parse --show-toplevel [10ms]
2024-08-07 12:01:32.723 [info] fatal: not a git repository (or any of the parent directories): .git
2024-08-07 12:01:38.527 [info] > git rev-parse --show-toplevel [1ms]
2024-08-07 12:01:38.527 [info] fatal: not a git repository (or any of the parent directories): .git
